<?xml version="1.0" encoding="UTF-8"?>
<Site BuildName="(empty)"
	BuildStamp="20230909-2258-Experimental"
	Name="PKPawarat"
	Generator="ctest-3.16.3"
	CompilerName="/usr/bin/c++"
	CompilerVersion="9.4.0"
	OSName="Linux"
	Hostname="PKPawarat"
	OSRelease="5.15.90.1-microsoft-standard-WSL2"
	OSVersion="#1 SMP Fri Jan 27 02:56:13 UTC 2023"
	OSPlatform="x86_64"
	Is64Bits="1"
	VendorString="GenuineIntel"
	VendorID="Intel Corporation"
	FamilyID="6"
	ModelID="154"
	ProcessorCacheSize="24576"
	NumberOfLogicalCPU="20"
	NumberOfPhysicalCPU="10"
	TotalVirtualMemory="2048"
	TotalPhysicalMemory="7794"
	LogicalProcessorsPerPhysical="2"
	ProcessorClockFrequency="2688"
	>
	<Testing>
		<StartDateTime>Sep 10 08:58 AEST</StartDateTime>
		<StartTestTime>1694300336</StartTestTime>
		<TestList/>
		<EndDateTime>Sep 10 08:58 AEST</EndDateTime>
		<EndTestTime>1694300336</EndTestTime>
		<ElapsedMinutes>0</ElapsedMinutes>
	</Testing>
</Site>
